<?xml version="1.0" encoding="UTF-8"?>
<testsuite name="com.maryland.basket.BasketApplicationTests" tests="1" skipped="0" failures="0" errors="0" timestamp="2021-12-14T08:51:08" hostname="Maryams-MacBook-Pro.local" time="0.132">
  <properties/>
  <testcase name="contextLoads()" classname="com.maryland.basket.BasketApplicationTests" time="0.132"/>
  <system-out><![CDATA[17:51:04.492 [Test worker] DEBUG org.springframework.test.context.BootstrapUtils - Instantiating CacheAwareContextLoaderDelegate from class [org.springframework.test.context.cache.DefaultCacheAwareContextLoaderDelegate]
17:51:04.500 [Test worker] DEBUG org.springframework.test.context.BootstrapUtils - Instantiating BootstrapContext using constructor [public org.springframework.test.context.support.DefaultBootstrapContext(java.lang.Class,org.springframework.test.context.CacheAwareContextLoaderDelegate)]
17:51:04.525 [Test worker] DEBUG org.springframework.test.context.BootstrapUtils - Instantiating TestContextBootstrapper for test class [com.maryland.basket.BasketApplicationTests] from class [org.springframework.boot.test.context.SpringBootTestContextBootstrapper]
17:51:04.535 [Test worker] INFO org.springframework.boot.test.context.SpringBootTestContextBootstrapper - Neither @ContextConfiguration nor @ContextHierarchy found for test class [com.maryland.basket.BasketApplicationTests], using SpringBootContextLoader
17:51:04.538 [Test worker] DEBUG org.springframework.test.context.support.AbstractContextLoader - Did not detect default resource location for test class [com.maryland.basket.BasketApplicationTests]: class path resource [com/maryland/basket/BasketApplicationTests-context.xml] does not exist
17:51:04.538 [Test worker] DEBUG org.springframework.test.context.support.AbstractContextLoader - Did not detect default resource location for test class [com.maryland.basket.BasketApplicationTests]: class path resource [com/maryland/basket/BasketApplicationTestsContext.groovy] does not exist
17:51:04.539 [Test worker] INFO org.springframework.test.context.support.AbstractContextLoader - Could not detect default resource locations for test class [com.maryland.basket.BasketApplicationTests]: no resource found for suffixes {-context.xml, Context.groovy}.
17:51:04.539 [Test worker] INFO org.springframework.test.context.support.AnnotationConfigContextLoaderUtils - Could not detect default configuration classes for test class [com.maryland.basket.BasketApplicationTests]: BasketApplicationTests does not declare any static, non-private, non-final, nested classes annotated with @Configuration.
17:51:04.574 [Test worker] DEBUG org.springframework.test.context.support.ActiveProfilesUtils - Could not find an 'annotation declaring class' for annotation type [org.springframework.test.context.ActiveProfiles] and class [com.maryland.basket.BasketApplicationTests]
17:51:04.616 [Test worker] DEBUG org.springframework.context.annotation.ClassPathScanningCandidateComponentProvider - Identified candidate component class: file [/Users/goodengineer/github/basket/build/classes/kotlin/main/com/maryland/basket/BasketApplication.class]
17:51:04.617 [Test worker] INFO org.springframework.boot.test.context.SpringBootTestContextBootstrapper - Found @SpringBootConfiguration com.maryland.basket.BasketApplication for test class com.maryland.basket.BasketApplicationTests
17:51:04.682 [Test worker] DEBUG org.springframework.boot.test.context.SpringBootTestContextBootstrapper - @TestExecutionListeners is not present for class [com.maryland.basket.BasketApplicationTests]: using defaults.
17:51:04.682 [Test worker] INFO org.springframework.boot.test.context.SpringBootTestContextBootstrapper - Loaded default TestExecutionListener class names from location [META-INF/spring.factories]: [org.springframework.security.test.context.support.WithSecurityContextTestExecutionListener, org.springframework.security.test.context.support.ReactorContextTestExecutionListener, org.springframework.boot.test.autoconfigure.restdocs.RestDocsTestExecutionListener, org.springframework.boot.test.autoconfigure.web.client.MockRestServiceServerResetTestExecutionListener, org.springframework.boot.test.autoconfigure.web.servlet.MockMvcPrintOnlyOnFailureTestExecutionListener, org.springframework.boot.test.autoconfigure.web.servlet.WebDriverTestExecutionListener, org.springframework.boot.test.autoconfigure.webservices.client.MockWebServiceServerTestExecutionListener, org.springframework.boot.test.mock.mockito.MockitoTestExecutionListener, org.springframework.boot.test.mock.mockito.ResetMocksTestExecutionListener, org.springframework.test.context.web.ServletTestExecutionListener, org.springframework.test.context.support.DirtiesContextBeforeModesTestExecutionListener, org.springframework.test.context.event.ApplicationEventsTestExecutionListener, org.springframework.test.context.support.DependencyInjectionTestExecutionListener, org.springframework.test.context.support.DirtiesContextTestExecutionListener, org.springframework.test.context.transaction.TransactionalTestExecutionListener, org.springframework.test.context.jdbc.SqlScriptsTestExecutionListener, org.springframework.test.context.event.EventPublishingTestExecutionListener]
17:51:04.696 [Test worker] INFO org.springframework.boot.test.context.SpringBootTestContextBootstrapper - Using TestExecutionListeners: [org.springframework.test.context.web.ServletTestExecutionListener@485a3466, org.springframework.test.context.support.DirtiesContextBeforeModesTestExecutionListener@25748410, org.springframework.test.context.event.ApplicationEventsTestExecutionListener@2b43529a, org.springframework.boot.test.mock.mockito.MockitoTestExecutionListener@4264b240, org.springframework.boot.test.autoconfigure.SpringBootDependencyInjectionTestExecutionListener@5b04476e, org.springframework.test.context.support.DirtiesContextTestExecutionListener@5ad10c1a, org.springframework.test.context.transaction.TransactionalTestExecutionListener@6bb75258, org.springframework.test.context.jdbc.SqlScriptsTestExecutionListener@c260bdc, org.springframework.security.test.context.support.WithSecurityContextTestExecutionListener@75e01201, org.springframework.test.context.event.EventPublishingTestExecutionListener@2783717b, org.springframework.security.test.context.support.ReactorContextTestExecutionListener@76f7d241, org.springframework.boot.test.autoconfigure.restdocs.RestDocsTestExecutionListener@4a335fa8, org.springframework.boot.test.autoconfigure.web.client.MockRestServiceServerResetTestExecutionListener@3f363cf5, org.springframework.boot.test.autoconfigure.web.servlet.MockMvcPrintOnlyOnFailureTestExecutionListener@3829ac1, org.springframework.boot.test.autoconfigure.web.servlet.WebDriverTestExecutionListener@4baf352a, org.springframework.boot.test.autoconfigure.webservices.client.MockWebServiceServerTestExecutionListener@1bb1fde8, org.springframework.boot.test.mock.mockito.ResetMocksTestExecutionListener@15eebbff]
17:51:04.698 [Test worker] DEBUG org.springframework.test.context.support.AbstractDirtiesContextTestExecutionListener - Before test class: context [DefaultTestContext@40e10ff8 testClass = BasketApplicationTests, testInstance = [null], testMethod = [null], testException = [null], mergedContextConfiguration = [WebMergedContextConfiguration@557a1e2d testClass = BasketApplicationTests, locations = '{}', classes = '{class com.maryland.basket.BasketApplication}', contextInitializerClasses = '[]', activeProfiles = '{}', propertySourceLocations = '{}', propertySourceProperties = '{org.springframework.boot.test.context.SpringBootTestContextBootstrapper=true}', contextCustomizers = set[org.springframework.boot.test.autoconfigure.actuate.metrics.MetricsExportContextCustomizerFactory$DisableMetricExportContextCustomizer@2c78d320, org.springframework.boot.test.autoconfigure.properties.PropertyMappingContextCustomizer@0, org.springframework.boot.test.autoconfigure.web.servlet.WebDriverContextCustomizerFactory$Customizer@ca30bc1, org.springframework.boot.test.context.filter.ExcludeFilterContextCustomizer@73cd37c0, org.springframework.boot.test.json.DuplicateJsonObjectContextCustomizerFactory$DuplicateJsonObjectContextCustomizer@7a362b6b, org.springframework.boot.test.mock.mockito.MockitoContextCustomizer@0, org.springframework.boot.test.web.client.TestRestTemplateContextCustomizer@265adfad, org.springframework.boot.test.context.SpringBootTestArgs@1, org.springframework.boot.test.context.SpringBootTestWebEnvironment@5f16132a], resourceBasePath = 'src/main/webapp', contextLoader = 'org.springframework.boot.test.context.SpringBootContextLoader', parent = [null]], attributes = map['org.springframework.test.context.web.ServletTestExecutionListener.activateListener' -> true]], class annotated with @DirtiesContext [false] with mode [null].
17:51:04.725 [Test worker] DEBUG org.springframework.test.context.support.TestPropertySourceUtils - Adding inlined properties to environment: {spring.jmx.enabled=false, org.springframework.boot.test.context.SpringBootTestContextBootstrapper=true}

  .   ____          _            __ _ _
 /\\ / ___'_ __ _ _(_)_ __  __ _ \ \ \ \
( ( )\___ | '_ | '_| | '_ \/ _` | \ \ \ \
 \\/  ___)| |_)| | | | | || (_| |  ) ) ) )
  '  |____| .__|_| |_|_| |_\__, | / / / /
 =========|_|==============|___/=/_/_/_/
 :: Spring Boot ::                (v2.5.6)

2021-12-14 17:51:04.982  INFO 36002 --- [    Test worker] c.m.basket.BasketApplicationTests        : Starting BasketApplicationTests using Java 16.0.2 on Maryams-MacBook-Pro.local with PID 36002 (started by goodengineer in /Users/goodengineer/github/basket)
2021-12-14 17:51:04.983  INFO 36002 --- [    Test worker] c.m.basket.BasketApplicationTests        : The following profiles are active: local
2021-12-14 17:51:05.875  INFO 36002 --- [    Test worker] .s.d.r.c.RepositoryConfigurationDelegate : Bootstrapping Spring Data JPA repositories in DEFAULT mode.
2021-12-14 17:51:05.926  INFO 36002 --- [    Test worker] .s.d.r.c.RepositoryConfigurationDelegate : Finished Spring Data repository scanning in 44 ms. Found 1 JPA repository interfaces.
2021-12-14 17:51:06.324  INFO 36002 --- [    Test worker] com.zaxxer.hikari.HikariDataSource       : HikariPool-1 - Starting...
2021-12-14 17:51:06.616  INFO 36002 --- [    Test worker] com.zaxxer.hikari.HikariDataSource       : HikariPool-1 - Start completed.
2021-12-14 17:51:06.659  INFO 36002 --- [    Test worker] o.hibernate.jpa.internal.util.LogHelper  : HHH000204: Processing PersistenceUnitInfo [name: default]
2021-12-14 17:51:06.699  INFO 36002 --- [    Test worker] org.hibernate.Version                    : HHH000412: Hibernate ORM core version 5.4.32.Final
2021-12-14 17:51:06.826  INFO 36002 --- [    Test worker] o.hibernate.annotations.common.Version   : HCANN000001: Hibernate Commons Annotations {5.1.2.Final}
2021-12-14 17:51:06.926  INFO 36002 --- [    Test worker] org.hibernate.dialect.Dialect            : HHH000400: Using dialect: org.hibernate.dialect.MySQL8Dialect
2021-12-14 17:51:07.592  INFO 36002 --- [    Test worker] o.h.e.t.j.p.i.JtaPlatformInitiator       : HHH000490: Using JtaPlatform implementation: [org.hibernate.engine.transaction.jta.platform.internal.NoJtaPlatform]
2021-12-14 17:51:07.599  INFO 36002 --- [    Test worker] j.LocalContainerEntityManagerFactoryBean : Initialized JPA EntityManagerFactory for persistence unit 'default'
2021-12-14 17:51:07.696  WARN 36002 --- [    Test worker] JpaBaseConfiguration$JpaWebConfiguration : spring.jpa.open-in-view is enabled by default. Therefore, database queries may be performed during view rendering. Explicitly configure spring.jpa.open-in-view to disable this warning
2021-12-14 17:51:08.326  INFO 36002 --- [    Test worker] o.s.s.web.DefaultSecurityFilterChain     : Will secure org.springframework.boot.autoconfigure.security.servlet.StaticResourceRequest$StaticResourceRequestMatcher@39d44217 with []
2021-12-14 17:51:08.381  INFO 36002 --- [    Test worker] o.s.s.web.DefaultSecurityFilterChain     : Will secure any request with [org.springframework.security.web.context.request.async.WebAsyncManagerIntegrationFilter@1d4b0a07, org.springframework.security.web.context.SecurityContextPersistenceFilter@62109320, org.springframework.security.web.header.HeaderWriterFilter@5220e6ff, org.springframework.security.web.authentication.logout.LogoutFilter@3ad5f99, com.maryland.basket.security.JwtAuthenticationFilter@25ee3cd6, org.springframework.security.web.savedrequest.RequestCacheAwareFilter@50915d5, org.springframework.security.web.servletapi.SecurityContextHolderAwareRequestFilter@67544105, org.springframework.security.web.authentication.AnonymousAuthenticationFilter@17a89cb1, org.springframework.security.web.session.SessionManagementFilter@33ccab9c, org.springframework.security.web.access.ExceptionTranslationFilter@2e5ff1d4, org.springframework.security.web.access.intercept.FilterSecurityInterceptor@36d7e8d2]
2021-12-14 17:51:08.968  INFO 36002 --- [    Test worker] c.m.basket.BasketApplicationTests        : Started BasketApplicationTests in 4.238 seconds (JVM running for 5.063)
]]></system-out>
  <system-err><![CDATA[]]></system-err>
</testsuite>
