<?xml version="1.0" encoding="UTF-8"?>
<testsuite name="com.maryland.basket.BasketApplicationTests" tests="1" skipped="0" failures="0" errors="0" timestamp="2021-12-15T02:18:54" hostname="Maryams-MacBook-Pro.local" time="0.128">
  <properties/>
  <testcase name="contextLoads()" classname="com.maryland.basket.BasketApplicationTests" time="0.128"/>
  <system-out><![CDATA[11:18:50.572 [Test worker] DEBUG org.springframework.test.context.BootstrapUtils - Instantiating CacheAwareContextLoaderDelegate from class [org.springframework.test.context.cache.DefaultCacheAwareContextLoaderDelegate]
11:18:50.579 [Test worker] DEBUG org.springframework.test.context.BootstrapUtils - Instantiating BootstrapContext using constructor [public org.springframework.test.context.support.DefaultBootstrapContext(java.lang.Class,org.springframework.test.context.CacheAwareContextLoaderDelegate)]
11:18:50.603 [Test worker] DEBUG org.springframework.test.context.BootstrapUtils - Instantiating TestContextBootstrapper for test class [com.maryland.basket.BasketApplicationTests] from class [org.springframework.boot.test.context.SpringBootTestContextBootstrapper]
11:18:50.612 [Test worker] INFO org.springframework.boot.test.context.SpringBootTestContextBootstrapper - Neither @ContextConfiguration nor @ContextHierarchy found for test class [com.maryland.basket.BasketApplicationTests], using SpringBootContextLoader
11:18:50.614 [Test worker] DEBUG org.springframework.test.context.support.AbstractContextLoader - Did not detect default resource location for test class [com.maryland.basket.BasketApplicationTests]: class path resource [com/maryland/basket/BasketApplicationTests-context.xml] does not exist
11:18:50.615 [Test worker] DEBUG org.springframework.test.context.support.AbstractContextLoader - Did not detect default resource location for test class [com.maryland.basket.BasketApplicationTests]: class path resource [com/maryland/basket/BasketApplicationTestsContext.groovy] does not exist
11:18:50.615 [Test worker] INFO org.springframework.test.context.support.AbstractContextLoader - Could not detect default resource locations for test class [com.maryland.basket.BasketApplicationTests]: no resource found for suffixes {-context.xml, Context.groovy}.
11:18:50.616 [Test worker] INFO org.springframework.test.context.support.AnnotationConfigContextLoaderUtils - Could not detect default configuration classes for test class [com.maryland.basket.BasketApplicationTests]: BasketApplicationTests does not declare any static, non-private, non-final, nested classes annotated with @Configuration.
11:18:50.647 [Test worker] DEBUG org.springframework.test.context.support.ActiveProfilesUtils - Could not find an 'annotation declaring class' for annotation type [org.springframework.test.context.ActiveProfiles] and class [com.maryland.basket.BasketApplicationTests]
11:18:50.692 [Test worker] DEBUG org.springframework.context.annotation.ClassPathScanningCandidateComponentProvider - Identified candidate component class: file [/Users/goodengineer/github/basket/build/classes/kotlin/main/com/maryland/basket/BasketApplication.class]
11:18:50.694 [Test worker] INFO org.springframework.boot.test.context.SpringBootTestContextBootstrapper - Found @SpringBootConfiguration com.maryland.basket.BasketApplication for test class com.maryland.basket.BasketApplicationTests
11:18:50.768 [Test worker] DEBUG org.springframework.boot.test.context.SpringBootTestContextBootstrapper - @TestExecutionListeners is not present for class [com.maryland.basket.BasketApplicationTests]: using defaults.
11:18:50.768 [Test worker] INFO org.springframework.boot.test.context.SpringBootTestContextBootstrapper - Loaded default TestExecutionListener class names from location [META-INF/spring.factories]: [org.springframework.security.test.context.support.WithSecurityContextTestExecutionListener, org.springframework.security.test.context.support.ReactorContextTestExecutionListener, org.springframework.boot.test.autoconfigure.restdocs.RestDocsTestExecutionListener, org.springframework.boot.test.autoconfigure.web.client.MockRestServiceServerResetTestExecutionListener, org.springframework.boot.test.autoconfigure.web.servlet.MockMvcPrintOnlyOnFailureTestExecutionListener, org.springframework.boot.test.autoconfigure.web.servlet.WebDriverTestExecutionListener, org.springframework.boot.test.autoconfigure.webservices.client.MockWebServiceServerTestExecutionListener, org.springframework.boot.test.mock.mockito.MockitoTestExecutionListener, org.springframework.boot.test.mock.mockito.ResetMocksTestExecutionListener, org.springframework.test.context.web.ServletTestExecutionListener, org.springframework.test.context.support.DirtiesContextBeforeModesTestExecutionListener, org.springframework.test.context.event.ApplicationEventsTestExecutionListener, org.springframework.test.context.support.DependencyInjectionTestExecutionListener, org.springframework.test.context.support.DirtiesContextTestExecutionListener, org.springframework.test.context.transaction.TransactionalTestExecutionListener, org.springframework.test.context.jdbc.SqlScriptsTestExecutionListener, org.springframework.test.context.event.EventPublishingTestExecutionListener]
11:18:50.782 [Test worker] INFO org.springframework.boot.test.context.SpringBootTestContextBootstrapper - Using TestExecutionListeners: [org.springframework.test.context.web.ServletTestExecutionListener@4bef0fe3, org.springframework.test.context.support.DirtiesContextBeforeModesTestExecutionListener@62ea3440, org.springframework.test.context.event.ApplicationEventsTestExecutionListener@27953a83, org.springframework.boot.test.mock.mockito.MockitoTestExecutionListener@556d0826, org.springframework.boot.test.autoconfigure.SpringBootDependencyInjectionTestExecutionListener@66ce957f, org.springframework.test.context.support.DirtiesContextTestExecutionListener@55b5f5d2, org.springframework.test.context.transaction.TransactionalTestExecutionListener@5bfa8cc5, org.springframework.test.context.jdbc.SqlScriptsTestExecutionListener@666b83a4, org.springframework.security.test.context.support.WithSecurityContextTestExecutionListener@749c877b, org.springframework.test.context.event.EventPublishingTestExecutionListener@efde75f, org.springframework.security.test.context.support.ReactorContextTestExecutionListener@16ecee1, org.springframework.boot.test.autoconfigure.restdocs.RestDocsTestExecutionListener@3b220bcb, org.springframework.boot.test.autoconfigure.web.client.MockRestServiceServerResetTestExecutionListener@2b95e48b, org.springframework.boot.test.autoconfigure.web.servlet.MockMvcPrintOnlyOnFailureTestExecutionListener@4a3329b9, org.springframework.boot.test.autoconfigure.web.servlet.WebDriverTestExecutionListener@3dddefd8, org.springframework.boot.test.autoconfigure.webservices.client.MockWebServiceServerTestExecutionListener@160ac7fb, org.springframework.boot.test.mock.mockito.ResetMocksTestExecutionListener@12bfd80d]
11:18:50.785 [Test worker] DEBUG org.springframework.test.context.support.AbstractDirtiesContextTestExecutionListener - Before test class: context [DefaultTestContext@242aa8d9 testClass = BasketApplicationTests, testInstance = [null], testMethod = [null], testException = [null], mergedContextConfiguration = [WebMergedContextConfiguration@5b11a194 testClass = BasketApplicationTests, locations = '{}', classes = '{class com.maryland.basket.BasketApplication}', contextInitializerClasses = '[]', activeProfiles = '{}', propertySourceLocations = '{}', propertySourceProperties = '{org.springframework.boot.test.context.SpringBootTestContextBootstrapper=true}', contextCustomizers = set[org.springframework.boot.test.autoconfigure.actuate.metrics.MetricsExportContextCustomizerFactory$DisableMetricExportContextCustomizer@3688eb5b, org.springframework.boot.test.autoconfigure.properties.PropertyMappingContextCustomizer@0, org.springframework.boot.test.autoconfigure.web.servlet.WebDriverContextCustomizerFactory$Customizer@be68757, org.springframework.boot.test.context.filter.ExcludeFilterContextCustomizer@1f53a5dc, org.springframework.boot.test.json.DuplicateJsonObjectContextCustomizerFactory$DuplicateJsonObjectContextCustomizer@3bd323e9, org.springframework.boot.test.mock.mockito.MockitoContextCustomizer@0, org.springframework.boot.test.web.client.TestRestTemplateContextCustomizer@59a008ba, org.springframework.boot.test.context.SpringBootTestArgs@1, org.springframework.boot.test.context.SpringBootTestWebEnvironment@4c309d4d], resourceBasePath = 'src/main/webapp', contextLoader = 'org.springframework.boot.test.context.SpringBootContextLoader', parent = [null]], attributes = map['org.springframework.test.context.web.ServletTestExecutionListener.activateListener' -> true]], class annotated with @DirtiesContext [false] with mode [null].
11:18:50.806 [Test worker] DEBUG org.springframework.test.context.support.TestPropertySourceUtils - Adding inlined properties to environment: {spring.jmx.enabled=false, org.springframework.boot.test.context.SpringBootTestContextBootstrapper=true}

  .   ____          _            __ _ _
 /\\ / ___'_ __ _ _(_)_ __  __ _ \ \ \ \
( ( )\___ | '_ | '_| | '_ \/ _` | \ \ \ \
 \\/  ___)| |_)| | | | | || (_| |  ) ) ) )
  '  |____| .__|_| |_|_| |_\__, | / / / /
 =========|_|==============|___/=/_/_/_/
 :: Spring Boot ::                (v2.5.6)

2021-12-15 11:18:51.025  INFO 83070 --- [    Test worker] c.m.basket.BasketApplicationTests        : Starting BasketApplicationTests using Java 16.0.2 on Maryams-MacBook-Pro.local with PID 83070 (started by goodengineer in /Users/goodengineer/github/basket)
2021-12-15 11:18:51.025  INFO 83070 --- [    Test worker] c.m.basket.BasketApplicationTests        : The following profiles are active: local
2021-12-15 11:18:51.944  INFO 83070 --- [    Test worker] .s.d.r.c.RepositoryConfigurationDelegate : Bootstrapping Spring Data JPA repositories in DEFAULT mode.
2021-12-15 11:18:51.994  INFO 83070 --- [    Test worker] .s.d.r.c.RepositoryConfigurationDelegate : Finished Spring Data repository scanning in 44 ms. Found 1 JPA repository interfaces.
2021-12-15 11:18:52.365  INFO 83070 --- [    Test worker] com.zaxxer.hikari.HikariDataSource       : HikariPool-1 - Starting...
2021-12-15 11:18:52.627  INFO 83070 --- [    Test worker] com.zaxxer.hikari.HikariDataSource       : HikariPool-1 - Start completed.
2021-12-15 11:18:52.667  INFO 83070 --- [    Test worker] o.hibernate.jpa.internal.util.LogHelper  : HHH000204: Processing PersistenceUnitInfo [name: default]
2021-12-15 11:18:52.703  INFO 83070 --- [    Test worker] org.hibernate.Version                    : HHH000412: Hibernate ORM core version 5.4.32.Final
2021-12-15 11:18:52.820  INFO 83070 --- [    Test worker] o.hibernate.annotations.common.Version   : HCANN000001: Hibernate Commons Annotations {5.1.2.Final}
2021-12-15 11:18:52.917  INFO 83070 --- [    Test worker] org.hibernate.dialect.Dialect            : HHH000400: Using dialect: org.hibernate.dialect.MySQL8Dialect
2021-12-15 11:18:53.649  INFO 83070 --- [    Test worker] o.h.e.t.j.p.i.JtaPlatformInitiator       : HHH000490: Using JtaPlatform implementation: [org.hibernate.engine.transaction.jta.platform.internal.NoJtaPlatform]
2021-12-15 11:18:53.655  INFO 83070 --- [    Test worker] j.LocalContainerEntityManagerFactoryBean : Initialized JPA EntityManagerFactory for persistence unit 'default'
2021-12-15 11:18:53.752  WARN 83070 --- [    Test worker] JpaBaseConfiguration$JpaWebConfiguration : spring.jpa.open-in-view is enabled by default. Therefore, database queries may be performed during view rendering. Explicitly configure spring.jpa.open-in-view to disable this warning
2021-12-15 11:18:54.286  INFO 83070 --- [    Test worker] o.s.s.web.DefaultSecurityFilterChain     : Will secure org.springframework.boot.autoconfigure.security.servlet.StaticResourceRequest$StaticResourceRequestMatcher@78b293a with []
2021-12-15 11:18:54.344  INFO 83070 --- [    Test worker] o.s.s.web.DefaultSecurityFilterChain     : Will secure any request with [org.springframework.security.web.context.request.async.WebAsyncManagerIntegrationFilter@52238861, org.springframework.security.web.context.SecurityContextPersistenceFilter@3203ffa3, org.springframework.security.web.header.HeaderWriterFilter@31d09031, org.springframework.security.web.authentication.logout.LogoutFilter@5b5f06bb, com.maryland.basket.security.JwtAuthenticationFilter@76a1cc1a, org.springframework.security.web.savedrequest.RequestCacheAwareFilter@4f93303f, org.springframework.security.web.servletapi.SecurityContextHolderAwareRequestFilter@1ae37be2, org.springframework.security.web.authentication.AnonymousAuthenticationFilter@279e4506, org.springframework.security.web.session.SessionManagementFilter@4fe687b5, org.springframework.security.web.access.ExceptionTranslationFilter@50ac63b2, org.springframework.security.web.access.intercept.FilterSecurityInterceptor@7976d382]
2021-12-15 11:18:54.888  INFO 83070 --- [    Test worker] c.m.basket.BasketApplicationTests        : Started BasketApplicationTests in 4.077 seconds (JVM running for 4.867)
]]></system-out>
  <system-err><![CDATA[]]></system-err>
</testsuite>
